19.01.2017
02:56:13: Sending merk list to Radagast (id 1)
02:56:13: Sending player list to Radagast (id 1)
02:56:13: Client 127.0.0.1 was logged in as Radagast (id 1)
02:56:13: Sending lobby list to Radagast (id 1)
02:56:14: parse_create_lobby from Radagast (id 1)
02:56:14: Add lobby (id 1) hosted by Radagast (id 1)
02:56:14: Sending players in lobby list to Radagast (id 1)
02:56:17: parse_game_start from Radagast (id 1)
02:56:17: Add game (id 1) on map testmap3 (id 3)
02:56:17: Drop lobby (id 1) hosted by Radagast (id 1)
02:56:31: parse_move from Radagast (id 1)
02:56:53: on_read_size (Radagast, id 1) error: Удаленный хост принудительно разорвал существующее подключение
02:56:53: stop (Radagast, id 1)
02:56:53: Droping client 127.0.0.1 (Radagast, id 1)
02:56:53: Droping Radagast (id 1) from game (id 1)
02:56:53: Drop game 1
02:57:56: Sending merk list to Radagast (id 1)
02:57:56: Sending player list to Radagast (id 1)
02:57:56: Client 127.0.0.1 was logged in as Radagast (id 1)
02:57:56: Sending lobby list to Radagast (id 1)
02:57:57: parse_create_lobby from Radagast (id 1)
02:57:57: Add lobby (id 2) hosted by Radagast (id 1)
02:57:57: Sending players in lobby list to Radagast (id 1)
02:57:58: parse_game_start from Radagast (id 1)
02:57:58: Add game (id 2) on map testmap3 (id 3)
02:57:58: Drop lobby (id 2) hosted by Radagast (id 1)
02:58:04: parse_move from Radagast (id 1)
02:59:14: on_read_size (Radagast, id 1) error: Удаленный хост принудительно разорвал существующее подключение
02:59:14: stop (Radagast, id 1)
02:59:14: Droping client 127.0.0.1 (Radagast, id 1)
02:59:14: Droping Radagast (id 1) from game (id 2)
02:59:14: Drop game 2
02:59:23: Sending merk list to Radagast (id 1)
02:59:23: Sending player list to Radagast (id 1)
02:59:23: Client 127.0.0.1 was logged in as Radagast (id 1)
02:59:23: Sending lobby list to Radagast (id 1)
02:59:24: parse_create_lobby from Radagast (id 1)
02:59:24: Add lobby (id 3) hosted by Radagast (id 1)
02:59:25: Sending players in lobby list to Radagast (id 1)
02:59:26: parse_game_start from Radagast (id 1)
02:59:26: Add game (id 3) on map testmap3 (id 3)
02:59:26: Drop lobby (id 3) hosted by Radagast (id 1)
02:59:30: parse_move from Radagast (id 1)
03:00:03: parse_move from Radagast (id 1)
03:00:21: parse_move from Radagast (id 1)
03:00:41: parse_move from Radagast (id 1)
03:00:55: parse_move from Radagast (id 1)
03:01:09: parse_move from Radagast (id 1)
03:01:29: on_write (Radagast, id 1) error: Удаленный хост принудительно разорвал существующее подключение
03:01:29: stop (Radagast, id 1)
03:01:29: Droping client 127.0.0.1 (Radagast, id 1)
03:01:29: Droping Radagast (id 1) from game (id 3)
03:01:29: Drop game 3
